d:\mohamed\programming\phase2 - code f22\release\vc143.pdb
d:\mohamed\programming\phase2 - code f22\release\saveaction.obj
d:\mohamed\programming\phase2 - code f22\release\main.obj
d:\mohamed\programming\phase2 - code f22\release\applicationmanager.obj
d:\mohamed\programming\phase2 - code f22\release\output.obj
d:\mohamed\programming\phase2 - code f22\release\input.obj
d:\mohamed\programming\phase2 - code f22\release\addrectaction.obj
d:\mohamed\programming\phase2 - code f22\release\crectangle.obj
d:\mohamed\programming\phase2 - code f22\release\cfigure.obj
d:\mohamed\programming\phase2 - code f22\release\deletefigure.obj
d:\mohamed\programming\phase2 - code f22\release\ctriangle.obj
d:\mohamed\programming\phase2 - code f22\release\csquare.obj
d:\mohamed\programming\phase2 - code f22\release\windowinput.obj
d:\mohamed\programming\phase2 - code f22\release\mousequeue.obj
d:\mohamed\programming\phase2 - code f22\release\keyqueue.obj
d:\mohamed\programming\phase2 - code f22\release\image.obj
d:\mohamed\programming\phase2 - code f22\release\colors.obj
d:\mohamed\programming\phase2 - code f22\release\cmugraphics.obj
d:\mohamed\programming\phase2 - code f22\release\auxil.obj
d:\mohamed\programming\phase2 - code f22\release\chexagon.obj
d:\mohamed\programming\phase2 - code f22\release\ccircle.obj
d:\mohamed\programming\phase2 - code f22\release\jerror.obj
d:\mohamed\programming\phase2 - code f22\release\jdtrans.obj
d:\mohamed\programming\phase2 - code f22\release\jdsample.obj
d:\mohamed\programming\phase2 - code f22\release\jdpostct.obj
d:\mohamed\programming\phase2 - code f22\release\jdphuff.obj
d:\mohamed\programming\phase2 - code f22\release\jdmerge.obj
d:\mohamed\programming\phase2 - code f22\release\jdmaster.obj
d:\mohamed\programming\phase2 - code f22\release\jdmarker.obj
d:\mohamed\programming\phase2 - code f22\release\jdmainct.obj
d:\mohamed\programming\phase2 - code f22\release\jdinput.obj
d:\mohamed\programming\phase2 - code f22\release\jdhuff.obj
d:\mohamed\programming\phase2 - code f22\release\jddctmgr.obj
d:\mohamed\programming\phase2 - code f22\release\jdcolor.obj
d:\mohamed\programming\phase2 - code f22\release\jdcoefct.obj
d:\mohamed\programming\phase2 - code f22\release\jdatasrc.obj
d:\mohamed\programming\phase2 - code f22\release\jdapistd.obj
d:\mohamed\programming\phase2 - code f22\release\jdapimin.obj
d:\mohamed\programming\phase2 - code f22\release\jcparam.obj
d:\mohamed\programming\phase2 - code f22\release\jcomapi.obj
d:\mohamed\programming\phase2 - code f22\release\jpegload.obj
d:\mohamed\programming\phase2 - code f22\release\jutils.obj
d:\mohamed\programming\phase2 - code f22\release\jquant2.obj
d:\mohamed\programming\phase2 - code f22\release\jquant1.obj
d:\mohamed\programming\phase2 - code f22\release\jmemnobs.obj
d:\mohamed\programming\phase2 - code f22\release\jmemmgr.obj
d:\mohamed\programming\phase2 - code f22\release\jidctred.obj
d:\mohamed\programming\phase2 - code f22\release\jidctint.obj
d:\mohamed\programming\phase2 - code f22\release\jidctfst.obj
d:\mohamed\programming\phase2 - code f22\release\jidctflt.obj
d:\mohamed\programming\phase2 - code f22\release\graphics_prj.exe
d:\mohamed\programming\phase2 - code f22\release\graphics_prj.pdb
d:\mohamed\programming\phase2 - code f22\release\pt project.tlog\cl.command.1.tlog
d:\mohamed\programming\phase2 - code f22\release\pt project.tlog\cl.read.1.tlog
d:\mohamed\programming\phase2 - code f22\release\pt project.tlog\cl.write.1.tlog
d:\mohamed\programming\phase2 - code f22\release\pt project.tlog\link.command.1.tlog
d:\mohamed\programming\phase2 - code f22\release\pt project.tlog\link.read.1.tlog
d:\mohamed\programming\phase2 - code f22\release\pt project.tlog\link.write.1.tlog
