  CCircle.cpp
  CHexagon.cpp
  auxil.cpp
  CMUgraphics.cpp
D:\Mohamed\Programming\Phase2 - Code F22\CMUgraphicsLib\CMUgraphics.cpp(257,9): warning C4101: 'iX': unreferenced local variable
D:\Mohamed\Programming\Phase2 - Code F22\CMUgraphicsLib\CMUgraphics.cpp(257,13): warning C4101: 'iY': unreferenced local variable
D:\Mohamed\Programming\Phase2 - Code F22\CMUgraphicsLib\CMUgraphics.cpp(751,3): warning C4996: 'strcpy': This function or variable may be unsafe. Consider using strcpy_s instead. To disable deprecation, use _CRT_SECURE_NO_WARNINGS. See online help for details.
D:\Mohamed\Programming\Phase2 - Code F22\CMUgraphicsLib\CMUgraphics.cpp(1164,2): warning C4996: 'sprintf': This function or variable may be unsafe. Consider using sprintf_s instead. To disable deprecation, use _CRT_SECURE_NO_WARNINGS. See online help for details.
D:\Mohamed\Programming\Phase2 - Code F22\CMUgraphicsLib\CMUgraphics.cpp(1171,2): warning C4996: 'sprintf': This function or variable may be unsafe. Consider using sprintf_s instead. To disable deprecation, use _CRT_SECURE_NO_WARNINGS. See online help for details.
D:\Mohamed\Programming\Phase2 - Code F22\CMUgraphicsLib\CMUgraphics.cpp(1202,2): warning C4996: 'sprintf': This function or variable may be unsafe. Consider using sprintf_s instead. To disable deprecation, use _CRT_SECURE_NO_WARNINGS. See online help for details.
D:\Mohamed\Programming\Phase2 - Code F22\CMUgraphicsLib\CMUgraphics.cpp(1210,2): warning C4996: 'sprintf': This function or variable may be unsafe. Consider using sprintf_s instead. To disable deprecation, use _CRT_SECURE_NO_WARNINGS. See online help for details.
D:\Mohamed\Programming\Phase2 - Code F22\CMUgraphicsLib\CMUgraphics.cpp(1357,23): warning C4018: '>': signed/unsigned mismatch
  colors.cpp
  image.cpp
D:\Mohamed\Programming\Phase2 - Code F22\CMUgraphicsLib\image.cpp(115,29): warning C4018: '<': signed/unsigned mismatch
  keyqueue.cpp
  mousequeue.cpp
  windowinput.cpp
  CSquare.cpp
  CTriangle.cpp
  DeleteFigure.cpp
  CFigure.cpp
  CRectangle.cpp
  AddRectAction.cpp
  Input.cpp
  Output.cpp
D:\Mohamed\Programming\Phase2 - Code F22\GUI\Output.cpp(310,13): warning C4244: 'initializing': conversion from 'double' to 'int', possible loss of data
D:\Mohamed\Programming\Phase2 - Code F22\GUI\Output.cpp(335,27): warning C4838: conversion from 'double' to 'int' requires a narrowing conversion
D:\Mohamed\Programming\Phase2 - Code F22\GUI\Output.cpp(335,27): warning C4244: 'initializing': conversion from 'double' to 'int', possible loss of data
D:\Mohamed\Programming\Phase2 - Code F22\GUI\Output.cpp(335,49): warning C4838: conversion from 'double' to 'int' requires a narrowing conversion
D:\Mohamed\Programming\Phase2 - Code F22\GUI\Output.cpp(335,49): warning C4244: 'initializing': conversion from 'double' to 'int', possible loss of data
D:\Mohamed\Programming\Phase2 - Code F22\GUI\Output.cpp(335,79): warning C4838: conversion from 'double' to 'int' requires a narrowing conversion
D:\Mohamed\Programming\Phase2 - Code F22\GUI\Output.cpp(335,79): warning C4244: 'initializing': conversion from 'double' to 'int', possible loss of data
D:\Mohamed\Programming\Phase2 - Code F22\GUI\Output.cpp(335,101): warning C4838: conversion from 'double' to 'int' requires a narrowing conversion
D:\Mohamed\Programming\Phase2 - Code F22\GUI\Output.cpp(335,101): warning C4244: 'initializing': conversion from 'double' to 'int', possible loss of data
  ApplicationManager.cpp
  main.cpp
  SaveAction.cpp
  Generating Code...
  jpegload.c
D:\Mohamed\Programming\Phase2 - Code F22\CMUgraphicsLib\jpegload.c(23,12): warning C4996: 'fopen': This function or variable may be unsafe. Consider using fopen_s instead. To disable deprecation, use _CRT_SECURE_NO_WARNINGS. See online help for details.
  jcomapi.c
  jcparam.c
  jdapimin.c
  jdapistd.c
  jdatasrc.c
  jdcoefct.c
  jdcolor.c
  jddctmgr.c
  jdhuff.c
  jdinput.c
  jdmainct.c
  jdmarker.c
  jdmaster.c
  jdmerge.c
  jdphuff.c
  jdpostct.c
  jdsample.c
  jdtrans.c
  jerror.c
D:\Mohamed\Programming\Phase2 - Code F22\CMUgraphicsLib\jpeg\jerror.c(169,5): warning C4996: 'sprintf': This function or variable may be unsafe. Consider using sprintf_s instead. To disable deprecation, use _CRT_SECURE_NO_WARNINGS. See online help for details.
D:\Mohamed\Programming\Phase2 - Code F22\CMUgraphicsLib\jpeg\jerror.c(171,5): warning C4996: 'sprintf': This function or variable may be unsafe. Consider using sprintf_s instead. To disable deprecation, use _CRT_SECURE_NO_WARNINGS. See online help for details.
  Generating Code...
  Compiling...
  jidctflt.c
  jidctfst.c
  jidctint.c
  jidctred.c
  jmemmgr.c
D:\Mohamed\Programming\Phase2 - Code F22\CMUgraphicsLib\jpeg\jmemmgr.c(1103,19): warning C4996: 'getenv': This function or variable may be unsafe. Consider using _dupenv_s instead. To disable deprecation, use _CRT_SECURE_NO_WARNINGS. See online help for details.
D:\Mohamed\Programming\Phase2 - Code F22\CMUgraphicsLib\jpeg\jmemmgr.c(1106,11): warning C4996: 'sscanf': This function or variable may be unsafe. Consider using sscanf_s instead. To disable deprecation, use _CRT_SECURE_NO_WARNINGS. See online help for details.
  jmemnobs.c
  jquant1.c
  jquant2.c
  jutils.c
  Generating Code...
D:\Visual Studio\Visual Studio 2022\MSBuild\Microsoft\VC\v170\Microsoft.CppBuild.targets(1374,5): warning MSB8012: TargetPath(D:\Mohamed\Programming\Phase2 - Code F22\Release\PT Project.exe) does not match the Linker's OutputFile property value (D:\Mohamed\Programming\Phase2 - Code F22\Release\graphics_prj.exe). This may cause your project to build incorrectly. To correct this, please make sure that $(OutDir), $(TargetName) and $(TargetExt) property values match the value specified in %(Link.OutputFile).
D:\Visual Studio\Visual Studio 2022\MSBuild\Microsoft\VC\v170\Microsoft.CppBuild.targets(1376,5): warning MSB8012: TargetName(PT Project) does not match the Linker's OutputFile property value (graphics_prj). This may cause your project to build incorrectly. To correct this, please make sure that $(OutDir), $(TargetName) and $(TargetExt) property values match the value specified in %(Link.OutputFile).
  PT-Project.vcxproj -> D:\Mohamed\Programming\Phase2 - Code F22\Release\PT Project.exe
